0 info it worked if it ends with ok
1 verbose cli [ 'C:\\Program Files\\nodejs\\node.exe',
1 verbose cli   'C:\\Program Files\\nodejs\\node_modules\\npm\\bin\\npm-cli.js',
1 verbose cli   'run',
1 verbose cli   'test' ]
2 info using npm@3.10.3
3 info using node@v6.3.0
4 verbose run-script [ 'pretest', 'test', 'posttest' ]
5 info lifecycle drones-app@1.0.0~pretest: drones-app@1.0.0
6 silly lifecycle drones-app@1.0.0~pretest: no script for pretest, continuing
7 info lifecycle drones-app@1.0.0~test: drones-app@1.0.0
8 verbose lifecycle drones-app@1.0.0~test: unsafe-perm in lifecycle true
9 verbose lifecycle drones-app@1.0.0~test: PATH: C:\Program Files\nodejs\node_modules\npm\bin\node-gyp-bin;D:\Projects\ES6-Training\OOP\node_modules\.bin;C:\Program Files\nodejs;D:\Workplace\CmdEr\bin;C:\Program Files\Git\bin;C:\Program Files\Git\usr\bin;C:\Program Files\Git\share\vim\vim74;D:\Workplace\CmdEr\vendor\conemu-maximus5;D:\Workplace\CmdEr\vendor\conemu-maximus5\ConEmu;C:\Windows\system32;C:\Windows;C:\Windows\System32\Wbem;C:\Windows\System32\WindowsPowerShell\v1.0\;C:\Program Files\Git\cmd;C:\Program Files (x86)\Skype\Phone\;C:\Program Files\nodejs\;C:\Ruby23-x64\bin;c:\Program Files\Sublime Text 3\;C:\Users\noilg\AppData\Local\atom\bin;C:\Program Files (x86)\Microsoft VS Code\bin;C:\Users\noilg\AppData\Roaming\npm;D:\Workplace\CmdEr
10 verbose lifecycle drones-app@1.0.0~test: CWD: D:\Projects\ES6-Training\OOP
11 silly lifecycle drones-app@1.0.0~test: Args: [ '/d /s /c', 'mocha' ]
12 silly lifecycle drones-app@1.0.0~test: Returned: code: 1  signal: null
13 info lifecycle drones-app@1.0.0~test: Failed to exec test script
14 verbose stack Error: drones-app@1.0.0 test: `mocha`
14 verbose stack Exit status 1
14 verbose stack     at EventEmitter.<anonymous> (C:\Program Files\nodejs\node_modules\npm\lib\utils\lifecycle.js:242:16)
14 verbose stack     at emitTwo (events.js:106:13)
14 verbose stack     at EventEmitter.emit (events.js:191:7)
14 verbose stack     at ChildProcess.<anonymous> (C:\Program Files\nodejs\node_modules\npm\lib\utils\spawn.js:40:14)
14 verbose stack     at emitTwo (events.js:106:13)
14 verbose stack     at ChildProcess.emit (events.js:191:7)
14 verbose stack     at maybeClose (internal/child_process.js:852:16)
14 verbose stack     at Process.ChildProcess._handle.onexit (internal/child_process.js:215:5)
15 verbose pkgid drones-app@1.0.0
16 verbose cwd D:\Projects\ES6-Training\OOP
17 error Windows_NT 10.0.10586
18 error argv "C:\\Program Files\\nodejs\\node.exe" "C:\\Program Files\\nodejs\\node_modules\\npm\\bin\\npm-cli.js" "run" "test"
19 error node v6.3.0
20 error npm  v3.10.3
21 error code ELIFECYCLE
22 error drones-app@1.0.0 test: `mocha`
22 error Exit status 1
23 error Failed at the drones-app@1.0.0 test script 'mocha'.
23 error Make sure you have the latest version of node.js and npm installed.
23 error If you do, this is most likely a problem with the drones-app package,
23 error not with npm itself.
23 error Tell the author that this fails on your system:
23 error     mocha
23 error You can get information on how to open an issue for this project with:
23 error     npm bugs drones-app
23 error Or if that isn't available, you can get their info via:
23 error     npm owner ls drones-app
23 error There is likely additional logging output above.
24 verbose exit [ 1, true ]
